# JRE version: OpenJDK Runtime Environment Temurin-17.0.8.1+1 (17.0.8.1+1) (build 17.0.8.1+1)
# Java VM: OpenJDK 64-Bit Server VM Temurin-17.0.8.1+1 (17.0.8.1+1, mixed mode, emulated-client, tiered, compressed oops, compressed class ptrs, g1 gc, windows-amd64)
GC Precious Log:
 CPUs: 8 total, 8 available
 Memory: 16051M
 Large Page Support: Disabled
 NUMA Support: Disabled
 Compressed Oops: Enabled (32-bit)
 Heap Region Size: 1M
 Heap Min Capacity: 8M
 Heap Initial Capacity: 252M
 Heap Max Capacity: 1G
 Pre-touch: Disabled
 Parallel Workers: 8
 Concurrent Workers: 2
 Concurrent Refinement Workers: 8
 Periodic GC: Disabled
Heap:
 garbage-first heap   total 102400K, used 30160K [0x00000000c0000000, 0x0000000100000000)
  region size 1024K, 1 young (1024K), 0 survivors (0K)
 Metaspace       used 59762K, committed 60224K, reserved 1114112K
  class space    used 7453K, committed 7680K, reserved 1048576K
GC Heap History (20 events):
Event: 12019.055 GC heap before
{Heap before GC invocations=1082 (full 722):
 garbage-first heap   total 102400K, used 30160K [0x00000000c0000000, 0x0000000100000000)
  region size 1024K, 1 young (1024K), 0 survivors (0K)
 Metaspace       used 59762K, committed 60224K, reserved 1114112K
  class space    used 7453K, committed 7680K, reserved 1048576K
}
Event: 12019.084 GC heap after
{Heap after GC invocations=1083 (full 723):
 garbage-first heap   total 102400K, used 30160K [0x00000000c0000000, 0x0000000100000000)
  region size 1024K, 0 young (0K), 0 survivors (0K)
 Metaspace       used 59762K, committed 60224K, reserved 1114112K
  class space    used 7453K, committed 7680K, reserved 1048576K
}
Event: 12029.207 GC heap before
{Heap before GC invocations=1083 (full 723):
 garbage-first heap   total 102400K, used 30160K [0x00000000c0000000, 0x0000000100000000)
  region size 1024K, 1 young (1024K), 0 survivors (0K)
 Metaspace       used 59762K, committed 60224K, reserved 1114112K
  class space    used 7453K, committed 7680K, reserved 1048576K
}
Event: 12029.251 GC heap after
{Heap after GC invocations=1084 (full 724):
 garbage-first heap   total 102400K, used 30160K [0x00000000c0000000, 0x0000000100000000)
  region size 1024K, 0 young (0K), 0 survivors (0K)
 Metaspace       used 59762K, committed 60224K, reserved 1114112K
  class space    used 7453K, committed 7680K, reserved 1048576K
}
Event: 12039.397 GC heap before
{Heap before GC invocations=1084 (full 724):
 garbage-first heap   total 102400K, used 30160K [0x00000000c0000000, 0x0000000100000000)
  region size 1024K, 1 young (1024K), 0 survivors (0K)
 Metaspace       used 59762K, committed 60224K, reserved 1114112K
  class space    used 7453K, committed 7680K, reserved 1048576K
}
Event: 12039.446 GC heap after
{Heap after GC invocations=1085 (full 725):
 garbage-first heap   total 102400K, used 30160K [0x00000000c0000000, 0x0000000100000000)
  region size 1024K, 0 young (0K), 0 survivors (0K)
 Metaspace       used 59762K, committed 60224K, reserved 1114112K
  class space    used 7453K, committed 7680K, reserved 1048576K
}
Event: 12049.568 GC heap before
{Heap before GC invocations=1085 (full 725):
 garbage-first heap   total 102400K, used 30160K [0x00000000c0000000, 0x0000000100000000)
  region size 1024K, 1 young (1024K), 0 survivors (0K)
 Metaspace       used 59762K, committed 60224K, reserved 1114112K
  class space    used 7453K, committed 7680K, reserved 1048576K
}
Event: 12049.603 GC heap after
{Heap after GC invocations=1086 (full 726):
 garbage-first heap   total 102400K, used 30160K [0x00000000c0000000, 0x0000000100000000)
  region size 1024K, 0 young (0K), 0 survivors (0K)
 Metaspace       used 59762K, committed 60224K, reserved 1114112K
  class space    used 7453K, committed 7680K, reserved 1048576K
}
Event: 12059.703 GC heap before
{Heap before GC invocations=1086 (full 726):
 garbage-first heap   total 102400K, used 30160K [0x00000000c0000000, 0x0000000100000000)
  region size 1024K, 1 young (1024K), 0 survivors (0K)
 Metaspace       used 59762K, committed 60224K, reserved 1114112K
  class space    used 7453K, committed 7680K, reserved 1048576K
}
Event: 12059.737 GC heap after
{Heap after GC invocations=1087 (full 727):
 garbage-first heap   total 102400K, used 30160K [0x00000000c0000000, 0x0000000100000000)
  region size 1024K, 0 young (0K), 0 survivors (0K)
 Metaspace       used 59762K, committed 60224K, reserved 1114112K
  class space    used 7453K, committed 7680K, reserved 1048576K
}
Event: 12069.845 GC heap before
{Heap before GC invocations=1087 (full 727):
 garbage-first heap   total 102400K, used 30160K [0x00000000c0000000, 0x0000000100000000)
  region size 1024K, 1 young (1024K), 0 survivors (0K)
 Metaspace       used 59762K, committed 60224K, reserved 1114112K
  class space    used 7453K, committed 7680K, reserved 1048576K
}
Event: 12069.877 GC heap after
{Heap after GC invocations=1088 (full 728):
 garbage-first heap   total 102400K, used 30160K [0x00000000c0000000, 0x0000000100000000)
  region size 1024K, 0 young (0K), 0 survivors (0K)
 Metaspace       used 59762K, committed 60224K, reserved 1114112K
  class space    used 7453K, committed 7680K, reserved 1048576K
}
Event: 12079.997 GC heap before
{Heap before GC invocations=1088 (full 728):
 garbage-first heap   total 102400K, used 30160K [0x00000000c0000000, 0x0000000100000000)
  region size 1024K, 1 young (1024K), 0 survivors (0K)
 Metaspace       used 59762K, committed 60224K, reserved 1114112K
  class space    used 7453K, committed 7680K, reserved 1048576K
}
Event: 12080.031 GC heap after
{Heap after GC invocations=1089 (full 729):
 garbage-first heap   total 102400K, used 30160K [0x00000000c0000000, 0x0000000100000000)
  region size 1024K, 0 young (0K), 0 survivors (0K)
 Metaspace       used 59762K, committed 60224K, reserved 1114112K
  class space    used 7453K, committed 7680K, reserved 1048576K
}
Event: 12090.166 GC heap before
{Heap before GC invocations=1089 (full 729):
 garbage-first heap   total 102400K, used 30160K [0x00000000c0000000, 0x0000000100000000)
  region size 1024K, 1 young (1024K), 0 survivors (0K)
 Metaspace       used 59762K, committed 60224K, reserved 1114112K
  class space    used 7453K, committed 7680K, reserved 1048576K
}
Event: 12090.198 GC heap after
{Heap after GC invocations=1090 (full 730):
 garbage-first heap   total 102400K, used 30160K [0x00000000c0000000, 0x0000000100000000)
  region size 1024K, 0 young (0K), 0 survivors (0K)
 Metaspace       used 59762K, committed 60224K, reserved 1114112K
  class space    used 7453K, committed 7680K, reserved 1048576K
}
Event: 12100.305 GC heap before
{Heap before GC invocations=1090 (full 730):
 garbage-first heap   total 102400K, used 30160K [0x00000000c0000000, 0x0000000100000000)
  region size 1024K, 1 young (1024K), 0 survivors (0K)
 Metaspace       used 59762K, committed 60224K, reserved 1114112K
  class space    used 7453K, committed 7680K, reserved 1048576K
}
Event: 12100.350 GC heap after
{Heap after GC invocations=1091 (full 731):
 garbage-first heap   total 102400K, used 30160K [0x00000000c0000000, 0x0000000100000000)
  region size 1024K, 0 young (0K), 0 survivors (0K)
 Metaspace       used 59762K, committed 60224K, reserved 1114112K
  class space    used 7453K, committed 7680K, reserved 1048576K
}
Event: 12110.469 GC heap before
{Heap before GC invocations=1091 (full 731):
 garbage-first heap   total 102400K, used 30160K [0x00000000c0000000, 0x0000000100000000)
  region size 1024K, 1 young (1024K), 0 survivors (0K)
 Metaspace       used 59762K, committed 60224K, reserved 1114112K
  class space    used 7453K, committed 7680K, reserved 1048576K
}
Event: 12110.507 GC heap after
{Heap after GC invocations=1092 (full 732):
 garbage-first heap   total 102400K, used 30160K [0x00000000c0000000, 0x0000000100000000)
  region size 1024K, 0 young (0K), 0 survivors (0K)
 Metaspace       used 59762K, committed 60224K, reserved 1114112K
  class space    used 7453K, committed 7680K, reserved 1048576K
}

