# JRE version: OpenJDK Runtime Environment Temurin-17.0.8.1+1 (17.0.8.1+1) (build 17.0.8.1+1)
# Java VM: OpenJDK 64-Bit Server VM Temurin-17.0.8.1+1 (17.0.8.1+1, mixed mode, emulated-client, tiered, compressed oops, compressed class ptrs, g1 gc, windows-amd64)
GC Precious Log:
 CPUs: 8 total, 8 available
 Memory: 16051M
 Large Page Support: Disabled
 NUMA Support: Disabled
 Compressed Oops: Enabled (32-bit)
 Heap Region Size: 1M
 Heap Min Capacity: 8M
 Heap Initial Capacity: 252M
 Heap Max Capacity: 1G
 Pre-touch: Disabled
 Parallel Workers: 8
 Concurrent Workers: 2
 Concurrent Refinement Workers: 8
 Periodic GC: Disabled
Heap:
 garbage-first heap   total 70656K, used 29028K [0x00000000c0000000, 0x0000000100000000)
  region size 1024K, 1 young (1024K), 0 survivors (0K)
 Metaspace       used 57679K, committed 58112K, reserved 1114112K
  class space    used 7130K, committed 7296K, reserved 1048576K
GC Heap History (20 events):
Event: 6350.328 GC heap before
{Heap before GC invocations=559 (full 541):
 garbage-first heap   total 70656K, used 29028K [0x00000000c0000000, 0x0000000100000000)
  region size 1024K, 1 young (1024K), 0 survivors (0K)
 Metaspace       used 57679K, committed 58112K, reserved 1114112K
  class space    used 7130K, committed 7296K, reserved 1048576K
}
Event: 6350.350 GC heap after
{Heap after GC invocations=560 (full 542):
 garbage-first heap   total 70656K, used 29028K [0x00000000c0000000, 0x0000000100000000)
  region size 1024K, 0 young (0K), 0 survivors (0K)
 Metaspace       used 57679K, committed 58112K, reserved 1114112K
  class space    used 7130K, committed 7296K, reserved 1048576K
}
Event: 6360.454 GC heap before
{Heap before GC invocations=560 (full 542):
 garbage-first heap   total 70656K, used 29028K [0x00000000c0000000, 0x0000000100000000)
  region size 1024K, 1 young (1024K), 0 survivors (0K)
 Metaspace       used 57679K, committed 58112K, reserved 1114112K
  class space    used 7130K, committed 7296K, reserved 1048576K
}
Event: 6360.477 GC heap after
{Heap after GC invocations=561 (full 543):
 garbage-first heap   total 70656K, used 29028K [0x00000000c0000000, 0x0000000100000000)
  region size 1024K, 0 young (0K), 0 survivors (0K)
 Metaspace       used 57679K, committed 58112K, reserved 1114112K
  class space    used 7130K, committed 7296K, reserved 1048576K
}
Event: 6370.569 GC heap before
{Heap before GC invocations=561 (full 543):
 garbage-first heap   total 70656K, used 29028K [0x00000000c0000000, 0x0000000100000000)
  region size 1024K, 1 young (1024K), 0 survivors (0K)
 Metaspace       used 57679K, committed 58112K, reserved 1114112K
  class space    used 7130K, committed 7296K, reserved 1048576K
}
Event: 6370.590 GC heap after
{Heap after GC invocations=562 (full 544):
 garbage-first heap   total 70656K, used 29028K [0x00000000c0000000, 0x0000000100000000)
  region size 1024K, 0 young (0K), 0 survivors (0K)
 Metaspace       used 57679K, committed 58112K, reserved 1114112K
  class space    used 7130K, committed 7296K, reserved 1048576K
}
Event: 6380.703 GC heap before
{Heap before GC invocations=562 (full 544):
 garbage-first heap   total 70656K, used 29028K [0x00000000c0000000, 0x0000000100000000)
  region size 1024K, 1 young (1024K), 0 survivors (0K)
 Metaspace       used 57679K, committed 58112K, reserved 1114112K
  class space    used 7130K, committed 7296K, reserved 1048576K
}
Event: 6380.725 GC heap after
{Heap after GC invocations=563 (full 545):
 garbage-first heap   total 70656K, used 29028K [0x00000000c0000000, 0x0000000100000000)
  region size 1024K, 0 young (0K), 0 survivors (0K)
 Metaspace       used 57679K, committed 58112K, reserved 1114112K
  class space    used 7130K, committed 7296K, reserved 1048576K
}
Event: 6390.842 GC heap before
{Heap before GC invocations=563 (full 545):
 garbage-first heap   total 70656K, used 29028K [0x00000000c0000000, 0x0000000100000000)
  region size 1024K, 1 young (1024K), 0 survivors (0K)
 Metaspace       used 57679K, committed 58112K, reserved 1114112K
  class space    used 7130K, committed 7296K, reserved 1048576K
}
Event: 6390.867 GC heap after
{Heap after GC invocations=564 (full 546):
 garbage-first heap   total 70656K, used 29028K [0x00000000c0000000, 0x0000000100000000)
  region size 1024K, 0 young (0K), 0 survivors (0K)
 Metaspace       used 57679K, committed 58112K, reserved 1114112K
  class space    used 7130K, committed 7296K, reserved 1048576K
}
Event: 6400.972 GC heap before
{Heap before GC invocations=564 (full 546):
 garbage-first heap   total 70656K, used 29028K [0x00000000c0000000, 0x0000000100000000)
  region size 1024K, 1 young (1024K), 0 survivors (0K)
 Metaspace       used 57679K, committed 58112K, reserved 1114112K
  class space    used 7130K, committed 7296K, reserved 1048576K
}
Event: 6400.999 GC heap after
{Heap after GC invocations=565 (full 547):
 garbage-first heap   total 70656K, used 29028K [0x00000000c0000000, 0x0000000100000000)
  region size 1024K, 0 young (0K), 0 survivors (0K)
 Metaspace       used 57679K, committed 58112K, reserved 1114112K
  class space    used 7130K, committed 7296K, reserved 1048576K
}
Event: 6411.094 GC heap before
{Heap before GC invocations=565 (full 547):
 garbage-first heap   total 70656K, used 29028K [0x00000000c0000000, 0x0000000100000000)
  region size 1024K, 1 young (1024K), 0 survivors (0K)
 Metaspace       used 57679K, committed 58112K, reserved 1114112K
  class space    used 7130K, committed 7296K, reserved 1048576K
}
Event: 6411.120 GC heap after
{Heap after GC invocations=566 (full 548):
 garbage-first heap   total 70656K, used 29028K [0x00000000c0000000, 0x0000000100000000)
  region size 1024K, 0 young (0K), 0 survivors (0K)
 Metaspace       used 57679K, committed 58112K, reserved 1114112K
  class space    used 7130K, committed 7296K, reserved 1048576K
}
Event: 6421.240 GC heap before
{Heap before GC invocations=566 (full 548):
 garbage-first heap   total 70656K, used 29028K [0x00000000c0000000, 0x0000000100000000)
  region size 1024K, 1 young (1024K), 0 survivors (0K)
 Metaspace       used 57679K, committed 58112K, reserved 1114112K
  class space    used 7130K, committed 7296K, reserved 1048576K
}
Event: 6421.283 GC heap after
{Heap after GC invocations=567 (full 549):
 garbage-first heap   total 70656K, used 29028K [0x00000000c0000000, 0x0000000100000000)
  region size 1024K, 0 young (0K), 0 survivors (0K)
 Metaspace       used 57679K, committed 58112K, reserved 1114112K
  class space    used 7130K, committed 7296K, reserved 1048576K
}
Event: 6431.408 GC heap before
{Heap before GC invocations=567 (full 549):
 garbage-first heap   total 70656K, used 29028K [0x00000000c0000000, 0x0000000100000000)
  region size 1024K, 1 young (1024K), 0 survivors (0K)
 Metaspace       used 57679K, committed 58112K, reserved 1114112K
  class space    used 7130K, committed 7296K, reserved 1048576K
}
Event: 6431.440 GC heap after
{Heap after GC invocations=568 (full 550):
 garbage-first heap   total 70656K, used 29028K [0x00000000c0000000, 0x0000000100000000)
  region size 1024K, 0 young (0K), 0 survivors (0K)
 Metaspace       used 57679K, committed 58112K, reserved 1114112K
  class space    used 7130K, committed 7296K, reserved 1048576K
}
Event: 6441.582 GC heap before
{Heap before GC invocations=568 (full 550):
 garbage-first heap   total 70656K, used 29028K [0x00000000c0000000, 0x0000000100000000)
  region size 1024K, 1 young (1024K), 0 survivors (0K)
 Metaspace       used 57679K, committed 58112K, reserved 1114112K
  class space    used 7130K, committed 7296K, reserved 1048576K
}
Event: 6441.609 GC heap after
{Heap after GC invocations=569 (full 551):
 garbage-first heap   total 70656K, used 29028K [0x00000000c0000000, 0x0000000100000000)
  region size 1024K, 0 young (0K), 0 survivors (0K)
 Metaspace       used 57679K, committed 58112K, reserved 1114112K
  class space    used 7130K, committed 7296K, reserved 1048576K
}

