# JRE version: OpenJDK Runtime Environment Temurin-17.0.8.1+1 (17.0.8.1+1) (build 17.0.8.1+1)
# Java VM: OpenJDK 64-Bit Server VM Temurin-17.0.8.1+1 (17.0.8.1+1, mixed mode, emulated-client, tiered, compressed oops, compressed class ptrs, g1 gc, windows-amd64)
GC Precious Log:
 CPUs: 8 total, 8 available
 Memory: 16051M
 Large Page Support: Disabled
 NUMA Support: Disabled
 Compressed Oops: Enabled (32-bit)
 Heap Region Size: 1M
 Heap Min Capacity: 8M
 Heap Initial Capacity: 252M
 Heap Max Capacity: 1G
 Pre-touch: Disabled
 Parallel Workers: 8
 Concurrent Workers: 2
 Concurrent Refinement Workers: 8
 Periodic GC: Disabled
Heap:
 garbage-first heap   total 81920K, used 29193K [0x00000000c0000000, 0x0000000100000000)
  region size 1024K, 1 young (1024K), 0 survivors (0K)
 Metaspace       used 59094K, committed 59520K, reserved 1114112K
  class space    used 7312K, committed 7552K, reserved 1048576K
GC Heap History (20 events):
Event: 17738.206 GC heap before
{Heap before GC invocations=1321 (full 1296):
 garbage-first heap   total 81920K, used 29193K [0x00000000c0000000, 0x0000000100000000)
  region size 1024K, 1 young (1024K), 0 survivors (0K)
 Metaspace       used 59094K, committed 59520K, reserved 1114112K
  class space    used 7312K, committed 7552K, reserved 1048576K
}
Event: 17738.237 GC heap after
{Heap after GC invocations=1322 (full 1297):
 garbage-first heap   total 81920K, used 29193K [0x00000000c0000000, 0x0000000100000000)
  region size 1024K, 0 young (0K), 0 survivors (0K)
 Metaspace       used 59094K, committed 59520K, reserved 1114112K
  class space    used 7312K, committed 7552K, reserved 1048576K
}
Event: 17748.342 GC heap before
{Heap before GC invocations=1322 (full 1297):
 garbage-first heap   total 81920K, used 29193K [0x00000000c0000000, 0x0000000100000000)
  region size 1024K, 1 young (1024K), 0 survivors (0K)
 Metaspace       used 59094K, committed 59520K, reserved 1114112K
  class space    used 7312K, committed 7552K, reserved 1048576K
}
Event: 17748.373 GC heap after
{Heap after GC invocations=1323 (full 1298):
 garbage-first heap   total 81920K, used 29193K [0x00000000c0000000, 0x0000000100000000)
  region size 1024K, 0 young (0K), 0 survivors (0K)
 Metaspace       used 59094K, committed 59520K, reserved 1114112K
  class space    used 7312K, committed 7552K, reserved 1048576K
}
Event: 17758.488 GC heap before
{Heap before GC invocations=1323 (full 1298):
 garbage-first heap   total 81920K, used 29193K [0x00000000c0000000, 0x0000000100000000)
  region size 1024K, 1 young (1024K), 0 survivors (0K)
 Metaspace       used 59094K, committed 59520K, reserved 1114112K
  class space    used 7312K, committed 7552K, reserved 1048576K
}
Event: 17758.524 GC heap after
{Heap after GC invocations=1324 (full 1299):
 garbage-first heap   total 81920K, used 29193K [0x00000000c0000000, 0x0000000100000000)
  region size 1024K, 0 young (0K), 0 survivors (0K)
 Metaspace       used 59094K, committed 59520K, reserved 1114112K
  class space    used 7312K, committed 7552K, reserved 1048576K
}
Event: 17768.623 GC heap before
{Heap before GC invocations=1324 (full 1299):
 garbage-first heap   total 81920K, used 29193K [0x00000000c0000000, 0x0000000100000000)
  region size 1024K, 1 young (1024K), 0 survivors (0K)
 Metaspace       used 59094K, committed 59520K, reserved 1114112K
  class space    used 7312K, committed 7552K, reserved 1048576K
}
Event: 17768.655 GC heap after
{Heap after GC invocations=1325 (full 1300):
 garbage-first heap   total 81920K, used 29193K [0x00000000c0000000, 0x0000000100000000)
  region size 1024K, 0 young (0K), 0 survivors (0K)
 Metaspace       used 59094K, committed 59520K, reserved 1114112K
  class space    used 7312K, committed 7552K, reserved 1048576K
}
Event: 17778.760 GC heap before
{Heap before GC invocations=1325 (full 1300):
 garbage-first heap   total 81920K, used 29193K [0x00000000c0000000, 0x0000000100000000)
  region size 1024K, 1 young (1024K), 0 survivors (0K)
 Metaspace       used 59094K, committed 59520K, reserved 1114112K
  class space    used 7312K, committed 7552K, reserved 1048576K
}
Event: 17778.798 GC heap after
{Heap after GC invocations=1326 (full 1301):
 garbage-first heap   total 81920K, used 29193K [0x00000000c0000000, 0x0000000100000000)
  region size 1024K, 0 young (0K), 0 survivors (0K)
 Metaspace       used 59094K, committed 59520K, reserved 1114112K
  class space    used 7312K, committed 7552K, reserved 1048576K
}
Event: 17788.901 GC heap before
{Heap before GC invocations=1326 (full 1301):
 garbage-first heap   total 81920K, used 29193K [0x00000000c0000000, 0x0000000100000000)
  region size 1024K, 1 young (1024K), 0 survivors (0K)
 Metaspace       used 59094K, committed 59520K, reserved 1114112K
  class space    used 7312K, committed 7552K, reserved 1048576K
}
Event: 17788.931 GC heap after
{Heap after GC invocations=1327 (full 1302):
 garbage-first heap   total 81920K, used 29193K [0x00000000c0000000, 0x0000000100000000)
  region size 1024K, 0 young (0K), 0 survivors (0K)
 Metaspace       used 59094K, committed 59520K, reserved 1114112K
  class space    used 7312K, committed 7552K, reserved 1048576K
}
Event: 17799.033 GC heap before
{Heap before GC invocations=1327 (full 1302):
 garbage-first heap   total 81920K, used 29193K [0x00000000c0000000, 0x0000000100000000)
  region size 1024K, 1 young (1024K), 0 survivors (0K)
 Metaspace       used 59094K, committed 59520K, reserved 1114112K
  class space    used 7312K, committed 7552K, reserved 1048576K
}
Event: 17799.061 GC heap after
{Heap after GC invocations=1328 (full 1303):
 garbage-first heap   total 81920K, used 29193K [0x00000000c0000000, 0x0000000100000000)
  region size 1024K, 0 young (0K), 0 survivors (0K)
 Metaspace       used 59094K, committed 59520K, reserved 1114112K
  class space    used 7312K, committed 7552K, reserved 1048576K
}
Event: 17809.167 GC heap before
{Heap before GC invocations=1328 (full 1303):
 garbage-first heap   total 81920K, used 29193K [0x00000000c0000000, 0x0000000100000000)
  region size 1024K, 1 young (1024K), 0 survivors (0K)
 Metaspace       used 59094K, committed 59520K, reserved 1114112K
  class space    used 7312K, committed 7552K, reserved 1048576K
}
Event: 17809.212 GC heap after
{Heap after GC invocations=1329 (full 1304):
 garbage-first heap   total 81920K, used 29193K [0x00000000c0000000, 0x0000000100000000)
  region size 1024K, 0 young (0K), 0 survivors (0K)
 Metaspace       used 59094K, committed 59520K, reserved 1114112K
  class space    used 7312K, committed 7552K, reserved 1048576K
}
Event: 17819.319 GC heap before
{Heap before GC invocations=1329 (full 1304):
 garbage-first heap   total 81920K, used 29193K [0x00000000c0000000, 0x0000000100000000)
  region size 1024K, 1 young (1024K), 0 survivors (0K)
 Metaspace       used 59094K, committed 59520K, reserved 1114112K
  class space    used 7312K, committed 7552K, reserved 1048576K
}
Event: 17819.361 GC heap after
{Heap after GC invocations=1330 (full 1305):
 garbage-first heap   total 81920K, used 29193K [0x00000000c0000000, 0x0000000100000000)
  region size 1024K, 0 young (0K), 0 survivors (0K)
 Metaspace       used 59094K, committed 59520K, reserved 1114112K
  class space    used 7312K, committed 7552K, reserved 1048576K
}
Event: 17829.485 GC heap before
{Heap before GC invocations=1330 (full 1305):
 garbage-first heap   total 81920K, used 29193K [0x00000000c0000000, 0x0000000100000000)
  region size 1024K, 1 young (1024K), 0 survivors (0K)
 Metaspace       used 59094K, committed 59520K, reserved 1114112K
  class space    used 7312K, committed 7552K, reserved 1048576K
}
Event: 17829.521 GC heap after
{Heap after GC invocations=1331 (full 1306):
 garbage-first heap   total 81920K, used 29193K [0x00000000c0000000, 0x0000000100000000)
  region size 1024K, 0 young (0K), 0 survivors (0K)
 Metaspace       used 59094K, committed 59520K, reserved 1114112K
  class space    used 7312K, committed 7552K, reserved 1048576K
}

