# JRE version: OpenJDK Runtime Environment Temurin-17.0.8.1+1 (17.0.8.1+1) (build 17.0.8.1+1)
# Java VM: OpenJDK 64-Bit Server VM Temurin-17.0.8.1+1 (17.0.8.1+1, mixed mode, tiered, compressed oops, compressed class ptrs, parallel gc, windows-amd64)
GC Precious Log:
 CPUs: 8 total, 8 available
 Memory: 7987M
 Large Page Support: Disabled
 NUMA Support: Disabled
 Compressed Oops: Enabled (32-bit)
 Alignments: Space 512K, Generation 512K, Heap 2M
 Heap Min Capacity: 100M
 Heap Initial Capacity: 100M
 Heap Max Capacity: 1G
 Pre-touch: Disabled
 Parallel Workers: 8
Heap:
 PSYoungGen      total 7168K, used 2574K [0x00000000eab00000, 0x00000000eb300000, 0x0000000100000000)
  eden space 6144K, 26% used [0x00000000eab00000,0x00000000eac9e7b8,0x00000000eb100000)
  from space 1024K, 89% used [0x00000000eb180000,0x00000000eb265200,0x00000000eb280000)
  to   space 512K, 0% used [0x00000000eb280000,0x00000000eb280000,0x00000000eb300000)
 ParOldGen       total 143360K, used 120669K [0x00000000c0000000, 0x00000000c8c00000, 0x00000000eab00000)
  object space 143360K, 84% used [0x00000000c0000000,0x00000000c75d75a0,0x00000000c8c00000)
 Metaspace       used 98839K, committed 100352K, reserved 1179648K
  class space    used 9973K, committed 10688K, reserved 1048576K
GC Heap History (20 events):
Event: 5240.897 GC heap before
{Heap before GC invocations=3743 (full 135):
 PSYoungGen      total 8704K, used 8452K [0x00000000eab00000, 0x00000000eb580000, 0x0000000100000000)
  eden space 7168K, 100% used [0x00000000eab00000,0x00000000eb200000,0x00000000eb200000)
  from space 1536K, 83% used [0x00000000eb300000,0x00000000eb441210,0x00000000eb480000)
  to   space 1024K, 0% used [0x00000000eb480000,0x00000000eb480000,0x00000000eb580000)
 ParOldGen       total 143360K, used 114547K [0x00000000c0000000, 0x00000000c8c00000, 0x00000000eab00000)
  object space 143360K, 79% used [0x00000000c0000000,0x00000000c6fdcd50,0x00000000c8c00000)
 Metaspace       used 98839K, committed 100352K, reserved 1179648K
  class space    used 9973K, committed 10688K, reserved 1048576K
}
Event: 5240.900 GC heap after
{Heap after GC invocations=3743 (full 135):
 PSYoungGen      total 7168K, used 1009K [0x00000000eab00000, 0x00000000eb900000, 0x0000000100000000)
  eden space 6144K, 0% used [0x00000000eab00000,0x00000000eab00000,0x00000000eb100000)
  from space 1024K, 98% used [0x00000000eb480000,0x00000000eb57c450,0x00000000eb580000)
  to   space 3584K, 0% used [0x00000000eb100000,0x00000000eb100000,0x00000000eb480000)
 ParOldGen       total 143360K, used 116396K [0x00000000c0000000, 0x00000000c8c00000, 0x00000000eab00000)
  object space 143360K, 81% used [0x00000000c0000000,0x00000000c71ab250,0x00000000c8c00000)
 Metaspace       used 98839K, committed 100352K, reserved 1179648K
  class space    used 9973K, committed 10688K, reserved 1048576K
}
Event: 5253.337 GC heap before
{Heap before GC invocations=3744 (full 135):
 PSYoungGen      total 7168K, used 7153K [0x00000000eab00000, 0x00000000eb900000, 0x0000000100000000)
  eden space 6144K, 99% used [0x00000000eab00000,0x00000000eb0ffff8,0x00000000eb100000)
  from space 1024K, 98% used [0x00000000eb480000,0x00000000eb57c450,0x00000000eb580000)
  to   space 3584K, 0% used [0x00000000eb100000,0x00000000eb100000,0x00000000eb480000)
 ParOldGen       total 143360K, used 116396K [0x00000000c0000000, 0x00000000c8c00000, 0x00000000eab00000)
  object space 143360K, 81% used [0x00000000c0000000,0x00000000c71ab250,0x00000000c8c00000)
 Metaspace       used 98839K, committed 100352K, reserved 1179648K
  class space    used 9973K, committed 10688K, reserved 1048576K
}
Event: 5253.339 GC heap after
{Heap after GC invocations=3744 (full 135):
 PSYoungGen      total 7168K, used 532K [0x00000000eab00000, 0x00000000eb500000, 0x0000000100000000)
  eden space 6144K, 0% used [0x00000000eab00000,0x00000000eab00000,0x00000000eb100000)
  from space 1024K, 52% used [0x00000000eb100000,0x00000000eb185200,0x00000000eb200000)
  to   space 1536K, 0% used [0x00000000eb380000,0x00000000eb380000,0x00000000eb500000)
 ParOldGen       total 143360K, used 116712K [0x00000000c0000000, 0x00000000c8c00000, 0x00000000eab00000)
  object space 143360K, 81% used [0x00000000c0000000,0x00000000c71fa2e0,0x00000000c8c00000)
 Metaspace       used 98839K, committed 100352K, reserved 1179648K
  class space    used 9973K, committed 10688K, reserved 1048576K
}
Event: 5253.357 GC heap before
{Heap before GC invocations=3745 (full 135):
 PSYoungGen      total 7168K, used 6676K [0x00000000eab00000, 0x00000000eb500000, 0x0000000100000000)
  eden space 6144K, 100% used [0x00000000eab00000,0x00000000eb100000,0x00000000eb100000)
  from space 1024K, 52% used [0x00000000eb100000,0x00000000eb185200,0x00000000eb200000)
  to   space 1536K, 0% used [0x00000000eb380000,0x00000000eb380000,0x00000000eb500000)
 ParOldGen       total 143360K, used 116712K [0x00000000c0000000, 0x00000000c8c00000, 0x00000000eab00000)
  object space 143360K, 81% used [0x00000000c0000000,0x00000000c71fa2e0,0x00000000c8c00000)
 Metaspace       used 98839K, committed 100352K, reserved 1179648K
  class space    used 9973K, committed 10688K, reserved 1048576K
}
Event: 5253.359 GC heap after
{Heap after GC invocations=3745 (full 135):
 PSYoungGen      total 7680K, used 1056K [0x00000000eab00000, 0x00000000eb500000, 0x0000000100000000)
  eden space 6144K, 0% used [0x00000000eab00000,0x00000000eab00000,0x00000000eb100000)
  from space 1536K, 68% used [0x00000000eb380000,0x00000000eb488000,0x00000000eb500000)
  to   space 1536K, 0% used [0x00000000eb200000,0x00000000eb200000,0x00000000eb380000)
 ParOldGen       total 143360K, used 117033K [0x00000000c0000000, 0x00000000c8c00000, 0x00000000eab00000)
  object space 143360K, 81% used [0x00000000c0000000,0x00000000c724a4f0,0x00000000c8c00000)
 Metaspace       used 98839K, committed 100352K, reserved 1179648K
  class space    used 9973K, committed 10688K, reserved 1048576K
}
Event: 5253.427 GC heap before
{Heap before GC invocations=3746 (full 135):
 PSYoungGen      total 7680K, used 7200K [0x00000000eab00000, 0x00000000eb500000, 0x0000000100000000)
  eden space 6144K, 100% used [0x00000000eab00000,0x00000000eb100000,0x00000000eb100000)
  from space 1536K, 68% used [0x00000000eb380000,0x00000000eb488000,0x00000000eb500000)
  to   space 1536K, 0% used [0x00000000eb200000,0x00000000eb200000,0x00000000eb380000)
 ParOldGen       total 143360K, used 117033K [0x00000000c0000000, 0x00000000c8c00000, 0x00000000eab00000)
  object space 143360K, 81% used [0x00000000c0000000,0x00000000c724a4f0,0x00000000c8c00000)
 Metaspace       used 98839K, committed 100352K, reserved 1179648K
  class space    used 9973K, committed 10688K, reserved 1048576K
}
Event: 5253.430 GC heap after
{Heap after GC invocations=3746 (full 135):
 PSYoungGen      total 7680K, used 1124K [0x00000000eab00000, 0x00000000eb400000, 0x0000000100000000)
  eden space 6144K, 0% used [0x00000000eab00000,0x00000000eab00000,0x00000000eb100000)
  from space 1536K, 73% used [0x00000000eb200000,0x00000000eb319210,0x00000000eb380000)
  to   space 512K, 0% used [0x00000000eb380000,0x00000000eb380000,0x00000000eb400000)
 ParOldGen       total 143360K, used 117919K [0x00000000c0000000, 0x00000000c8c00000, 0x00000000eab00000)
  object space 143360K, 82% used [0x00000000c0000000,0x00000000c7327cb0,0x00000000c8c00000)
 Metaspace       used 98839K, committed 100352K, reserved 1179648K
  class space    used 9973K, committed 10688K, reserved 1048576K
}
Event: 5253.668 GC heap before
{Heap before GC invocations=3747 (full 135):
 PSYoungGen      total 7680K, used 7268K [0x00000000eab00000, 0x00000000eb400000, 0x0000000100000000)
  eden space 6144K, 100% used [0x00000000eab00000,0x00000000eb100000,0x00000000eb100000)
  from space 1536K, 73% used [0x00000000eb200000,0x00000000eb319210,0x00000000eb380000)
  to   space 512K, 0% used [0x00000000eb380000,0x00000000eb380000,0x00000000eb400000)
 ParOldGen       total 143360K, used 117919K [0x00000000c0000000, 0x00000000c8c00000, 0x00000000eab00000)
  object space 143360K, 82% used [0x00000000c0000000,0x00000000c7327cb0,0x00000000c8c00000)
 Metaspace       used 98839K, committed 100352K, reserved 1179648K
  class space    used 9973K, committed 10688K, reserved 1048576K
}
Event: 5253.670 GC heap after
{Heap after GC invocations=3747 (full 135):
 PSYoungGen      total 6656K, used 500K [0x00000000eab00000, 0x00000000eb500000, 0x0000000100000000)
  eden space 6144K, 0% used [0x00000000eab00000,0x00000000eab00000,0x00000000eb100000)
  from space 512K, 97% used [0x00000000eb380000,0x00000000eb3fd200,0x00000000eb400000)
  to   space 2048K, 0% used [0x00000000eb100000,0x00000000eb100000,0x00000000eb300000)
 ParOldGen       total 143360K, used 119302K [0x00000000c0000000, 0x00000000c8c00000, 0x00000000eab00000)
  object space 143360K, 83% used [0x00000000c0000000,0x00000000c74818e8,0x00000000c8c00000)
 Metaspace       used 98839K, committed 100352K, reserved 1179648K
  class space    used 9973K, committed 10688K, reserved 1048576K
}
Event: 5253.899 GC heap before
{Heap before GC invocations=3748 (full 135):
 PSYoungGen      total 6656K, used 6644K [0x00000000eab00000, 0x00000000eb500000, 0x0000000100000000)
  eden space 6144K, 100% used [0x00000000eab00000,0x00000000eb100000,0x00000000eb100000)
  from space 512K, 97% used [0x00000000eb380000,0x00000000eb3fd200,0x00000000eb400000)
  to   space 2048K, 0% used [0x00000000eb100000,0x00000000eb100000,0x00000000eb300000)
 ParOldGen       total 143360K, used 119302K [0x00000000c0000000, 0x00000000c8c00000, 0x00000000eab00000)
  object space 143360K, 83% used [0x00000000c0000000,0x00000000c74818e8,0x00000000c8c00000)
 Metaspace       used 98839K, committed 100352K, reserved 1179648K
  class space    used 9973K, committed 10688K, reserved 1048576K
}
Event: 5253.901 GC heap after
{Heap after GC invocations=3748 (full 135):
 PSYoungGen      total 7168K, used 1018K [0x00000000eab00000, 0x00000000eb400000, 0x0000000100000000)
  eden space 6144K, 0% used [0x00000000eab00000,0x00000000eab00000,0x00000000eb100000)
  from space 1024K, 99% used [0x00000000eb100000,0x00000000eb1fe900,0x00000000eb200000)
  to   space 1536K, 0% used [0x00000000eb280000,0x00000000eb280000,0x00000000eb400000)
 ParOldGen       total 143360K, used 119782K [0x00000000c0000000, 0x00000000c8c00000, 0x00000000eab00000)
  object space 143360K, 83% used [0x00000000c0000000,0x00000000c74f9bf0,0x00000000c8c00000)
 Metaspace       used 98839K, committed 100352K, reserved 1179648K
  class space    used 9973K, committed 10688K, reserved 1048576K
}
Event: 5254.056 GC heap before
{Heap before GC invocations=3749 (full 135):
 PSYoungGen      total 7168K, used 7162K [0x00000000eab00000, 0x00000000eb400000, 0x0000000100000000)
  eden space 6144K, 100% used [0x00000000eab00000,0x00000000eb100000,0x00000000eb100000)
  from space 1024K, 99% used [0x00000000eb100000,0x00000000eb1fe900,0x00000000eb200000)
  to   space 1536K, 0% used [0x00000000eb280000,0x00000000eb280000,0x00000000eb400000)
 ParOldGen       total 143360K, used 119782K [0x00000000c0000000, 0x00000000c8c00000, 0x00000000eab00000)
  object space 143360K, 83% used [0x00000000c0000000,0x00000000c74f9bf0,0x00000000c8c00000)
 Metaspace       used 98839K, committed 100352K, reserved 1179648K
  class space    used 9973K, committed 10688K, reserved 1048576K
}
Event: 5254.057 GC heap after
{Heap after GC invocations=3749 (full 135):
 PSYoungGen      total 7680K, used 1044K [0x00000000eab00000, 0x00000000eb400000, 0x0000000100000000)
  eden space 6144K, 0% used [0x00000000eab00000,0x00000000eab00000,0x00000000eb100000)
  from space 1536K, 68% used [0x00000000eb280000,0x00000000eb385200,0x00000000eb400000)
  to   space 1536K, 0% used [0x00000000eb100000,0x00000000eb100000,0x00000000eb280000)
 ParOldGen       total 143360K, used 120669K [0x00000000c0000000, 0x00000000c8c00000, 0x00000000eab00000)
  object space 143360K, 84% used [0x00000000c0000000,0x00000000c75d75a0,0x00000000c8c00000)
 Metaspace       used 98839K, committed 100352K, reserved 1179648K
  class space    used 9973K, committed 10688K, reserved 1048576K
}
Event: 5258.167 GC heap before
{Heap before GC invocations=3750 (full 135):
 PSYoungGen      total 7680K, used 7188K [0x00000000eab00000, 0x00000000eb400000, 0x0000000100000000)
  eden space 6144K, 100% used [0x00000000eab00000,0x00000000eb100000,0x00000000eb100000)
  from space 1536K, 68% used [0x00000000eb280000,0x00000000eb385200,0x00000000eb400000)
  to   space 1536K, 0% used [0x00000000eb100000,0x00000000eb100000,0x00000000eb280000)
 ParOldGen       total 143360K, used 120669K [0x00000000c0000000, 0x00000000c8c00000, 0x00000000eab00000)
  object space 143360K, 84% used [0x00000000c0000000,0x00000000c75d75a0,0x00000000c8c00000)
 Metaspace       used 98839K, committed 100352K, reserved 1179648K
  class space    used 9973K, committed 10688K, reserved 1048576K
}
Event: 5258.168 GC heap after
{Heap after GC invocations=3750 (full 135):
 PSYoungGen      total 7680K, used 1060K [0x00000000eab00000, 0x00000000eb400000, 0x0000000100000000)
  eden space 6144K, 0% used [0x00000000eab00000,0x00000000eab00000,0x00000000eb100000)
  from space 1536K, 69% used [0x00000000eb100000,0x00000000eb209210,0x00000000eb280000)
  to   space 1536K, 0% used [0x00000000eb280000,0x00000000eb280000,0x00000000eb400000)
 ParOldGen       total 143360K, used 120669K [0x00000000c0000000, 0x00000000c8c00000, 0x00000000eab00000)
  object space 143360K, 84% used [0x00000000c0000000,0x00000000c75d75a0,0x00000000c8c00000)
 Metaspace       used 98839K, committed 100352K, reserved 1179648K
  class space    used 9973K, committed 10688K, reserved 1048576K
}
Event: 5258.752 GC heap before
{Heap before GC invocations=3751 (full 135):
 PSYoungGen      total 7680K, used 7204K [0x00000000eab00000, 0x00000000eb400000, 0x0000000100000000)
  eden space 6144K, 100% used [0x00000000eab00000,0x00000000eb100000,0x00000000eb100000)
  from space 1536K, 69% used [0x00000000eb100000,0x00000000eb209210,0x00000000eb280000)
  to   space 1536K, 0% used [0x00000000eb280000,0x00000000eb280000,0x00000000eb400000)
 ParOldGen       total 143360K, used 120669K [0x00000000c0000000, 0x00000000c8c00000, 0x00000000eab00000)
  object space 143360K, 84% used [0x00000000c0000000,0x00000000c75d75a0,0x00000000c8c00000)
 Metaspace       used 98839K, committed 100352K, reserved 1179648K
  class space    used 9973K, committed 10688K, reserved 1048576K
}
Event: 5258.753 GC heap after
{Heap after GC invocations=3751 (full 135):
 PSYoungGen      total 7168K, used 964K [0x00000000eab00000, 0x00000000eb380000, 0x0000000100000000)
  eden space 6144K, 0% used [0x00000000eab00000,0x00000000eab00000,0x00000000eb100000)
  from space 1024K, 94% used [0x00000000eb280000,0x00000000eb371210,0x00000000eb380000)
  to   space 1024K, 0% used [0x00000000eb180000,0x00000000eb180000,0x00000000eb280000)
 ParOldGen       total 143360K, used 120669K [0x00000000c0000000, 0x00000000c8c00000, 0x00000000eab00000)
  object space 143360K, 84% used [0x00000000c0000000,0x00000000c75d75a0,0x00000000c8c00000)
 Metaspace       used 98839K, committed 100352K, reserved 1179648K
  class space    used 9973K, committed 10688K, reserved 1048576K
}
Event: 5258.835 GC heap before
{Heap before GC invocations=3752 (full 135):
 PSYoungGen      total 7168K, used 7108K [0x00000000eab00000, 0x00000000eb380000, 0x0000000100000000)
  eden space 6144K, 100% used [0x00000000eab00000,0x00000000eb100000,0x00000000eb100000)
  from space 1024K, 94% used [0x00000000eb280000,0x00000000eb371210,0x00000000eb380000)
  to   space 1024K, 0% used [0x00000000eb180000,0x00000000eb180000,0x00000000eb280000)
 ParOldGen       total 143360K, used 120669K [0x00000000c0000000, 0x00000000c8c00000, 0x00000000eab00000)
  object space 143360K, 84% used [0x00000000c0000000,0x00000000c75d75a0,0x00000000c8c00000)
 Metaspace       used 98839K, committed 100352K, reserved 1179648K
  class space    used 9973K, committed 10688K, reserved 1048576K
}
Event: 5258.836 GC heap after
{Heap after GC invocations=3752 (full 135):
 PSYoungGen      total 7168K, used 916K [0x00000000eab00000, 0x00000000eb300000, 0x0000000100000000)
  eden space 6144K, 0% used [0x00000000eab00000,0x00000000eab00000,0x00000000eb100000)
  from space 1024K, 89% used [0x00000000eb180000,0x00000000eb265200,0x00000000eb280000)
  to   space 512K, 0% used [0x00000000eb280000,0x00000000eb280000,0x00000000eb300000)
 ParOldGen       total 143360K, used 120669K [0x00000000c0000000, 0x00000000c8c00000, 0x00000000eab00000)
  object space 143360K, 84% used [0x00000000c0000000,0x00000000c75d75a0,0x00000000c8c00000)
 Metaspace       used 98839K, committed 100352K, reserved 1179648K
  class space    used 9973K, committed 10688K, reserved 1048576K
}

